Arguments: 
  C:\Program Files\nodejs\node.exe C:\Users\kokkoong\AppData\Roaming\npm\node_modules\yarn\bin\yarn.js add grommet styled-components

PATH: 
  C:\Users\kokkoong\AppData\Roaming\npm;C:\Program Files\nodejs\;C:\Python39\Scripts\;C:\Python39\;C:\Windows\system32;C:\Windows;C:\Windows\System32\Wbem;C:\Windows\System32\WindowsPowerShell\v1.0\;C:\Windows\System32\OpenSSH\;C:\Program Files (x86)\Sennheiser\SoftphoneSDK\;C:\Program Files\nodejs\;C:\ProgramData\chocolatey\bin;C:\Program Files\Git\cmd;C:\Users\kokkoong\AppData\Local\Microsoft\WindowsApps;C:\Users\kokkoong\AppData\Roaming\npm;C:\Users\kokkoong\AppData\Local\Programs\Microsoft VS Code\bin

Yarn version: 
  1.22.10

Node version: 
  14.15.5

Platform: 
  win32 x64

Trace: 
  Error: unable to get local issuer certificate
      at TLSSocket.onConnectSecure (_tls_wrap.js:1497:34)
      at TLSSocket.emit (events.js:315:20)
      at TLSSocket._finishInit (_tls_wrap.js:932:8)
      at TLSWrap.ssl.onhandshakedone (_tls_wrap.js:706:12)

npm manifest: 
  {
    "name": "bundle",
    "version": "1.0.0",
    "scripts": {
      "build": "webpack"
    },
    "dependencies": {
      "dayjs": "^1.8.17"
    },
    "devDependencies": {
      "webpack": "^4.41.2",
      "webpack-cli": "^3.3.10"
    }
  }

yarn manifest: 
  No manifest

Lockfile: 
  No lockfile
